
*** Running vivado
    with args -log zed_firewall_hardware_firewall_0_0.vds -m64 -product Vivado -mode batch -messageDb vivado.pb -notrace -source zed_firewall_hardware_firewall_0_0.tcl


****** Vivado v2022.1 (64-bit)
  **** SW Build 3526262 on Mon Apr 18 15:47:01 MDT 2022
  **** IP Build 3524634 on Mon Apr 18 20:55:01 MDT 2022
    ** Copyright 1986-2022 Xilinx, Inc. All Rights Reserved.

source zed_firewall_hardware_firewall_0_0.tcl -notrace
create_project: Time (s): cpu = 00:00:05 ; elapsed = 00:00:17 . Memory (MB): peak = 2505.309 ; gain = 0.027 ; free physical = 3456 ; free virtual = 8936
INFO: [IP_Flow 19-234] Refreshing IP repositories
INFO: [IP_Flow 19-1700] Loaded user IP repository '/home/mohit/Desktop/ip_repo/hardware_firewall_1.0'.
INFO: [IP_Flow 19-2313] Loaded Vivado IP repository '/tools/Xilinx/Vivado/2022.1/data/ip'.
update_ip_catalog: Time (s): cpu = 00:00:00.4 ; elapsed = 00:00:15 . Memory (MB): peak = 2505.309 ; gain = 0.000 ; free physical = 3518 ; free virtual = 8960
Command: synth_design -top zed_firewall_hardware_firewall_0_0 -part xc7z020clg484-1 -incremental_mode off -mode out_of_context
Starting synth_design
Attempting to get a license for feature 'Synthesis' and/or device 'xc7z020'
INFO: [Common 17-349] Got license for feature 'Synthesis' and/or device 'xc7z020'
INFO: [Device 21-403] Loading part xc7z020clg484-1
INFO: [Synth 8-7079] Multithreading enabled for synth_design using a maximum of 4 processes.
INFO: [Synth 8-7078] Launching helper process for spawning children vivado processes
INFO: [Synth 8-7075] Helper process launched with PID 214003
---------------------------------------------------------------------------------
Starting RTL Elaboration : Time (s): cpu = 00:00:08 ; elapsed = 00:00:22 . Memory (MB): peak = 2505.309 ; gain = 0.000 ; free physical = 138 ; free virtual = 5440
---------------------------------------------------------------------------------
INFO: [Synth 8-6157] synthesizing module 'zed_firewall_hardware_firewall_0_0' [/home/mohit/Desktop/bheeshm_project/bheeshm_project.gen/sources_1/bd/zed_firewall/ip/zed_firewall_hardware_firewall_0_0/synth/zed_firewall_hardware_firewall_0_0.v:53]
INFO: [Synth 8-6157] synthesizing module 'hardware_firewall_v1_0' [/home/mohit/Desktop/bheeshm_project/bheeshm_project.gen/sources_1/bd/zed_firewall/ipshared/9d53/hdl/hardware_firewall_v1_0.v:4]
INFO: [Synth 8-6157] synthesizing module 'hardware_firewall_v1_0_S00_AXI' [/home/mohit/Desktop/bheeshm_project/bheeshm_project.gen/sources_1/bd/zed_firewall/ipshared/9d53/hdl/hardware_firewall_v1_0_S00_AXI.v:4]
INFO: [Synth 8-226] default block is never used [/home/mohit/Desktop/bheeshm_project/bheeshm_project.gen/sources_1/bd/zed_firewall/ipshared/9d53/hdl/hardware_firewall_v1_0_S00_AXI.v:231]
INFO: [Synth 8-226] default block is never used [/home/mohit/Desktop/bheeshm_project/bheeshm_project.gen/sources_1/bd/zed_firewall/ipshared/9d53/hdl/hardware_firewall_v1_0_S00_AXI.v:372]
INFO: [Synth 8-6155] done synthesizing module 'hardware_firewall_v1_0_S00_AXI' (0#1) [/home/mohit/Desktop/bheeshm_project/bheeshm_project.gen/sources_1/bd/zed_firewall/ipshared/9d53/hdl/hardware_firewall_v1_0_S00_AXI.v:4]
INFO: [Synth 8-6155] done synthesizing module 'hardware_firewall_v1_0' (0#1) [/home/mohit/Desktop/bheeshm_project/bheeshm_project.gen/sources_1/bd/zed_firewall/ipshared/9d53/hdl/hardware_firewall_v1_0.v:4]
INFO: [Synth 8-6155] done synthesizing module 'zed_firewall_hardware_firewall_0_0' (0#1) [/home/mohit/Desktop/bheeshm_project/bheeshm_project.gen/sources_1/bd/zed_firewall/ip/zed_firewall_hardware_firewall_0_0/synth/zed_firewall_hardware_firewall_0_0.v:53]
WARNING: [Synth 8-7129] Port S_AXI_AWPROT[2] in module hardware_firewall_v1_0_S00_AXI is either unconnected or has no load
WARNING: [Synth 8-7129] Port S_AXI_AWPROT[1] in module hardware_firewall_v1_0_S00_AXI is either unconnected or has no load
WARNING: [Synth 8-7129] Port S_AXI_AWPROT[0] in module hardware_firewall_v1_0_S00_AXI is either unconnected or has no load
WARNING: [Synth 8-7129] Port S_AXI_ARPROT[2] in module hardware_firewall_v1_0_S00_AXI is either unconnected or has no load
WARNING: [Synth 8-7129] Port S_AXI_ARPROT[1] in module hardware_firewall_v1_0_S00_AXI is either unconnected or has no load
WARNING: [Synth 8-7129] Port S_AXI_ARPROT[0] in module hardware_firewall_v1_0_S00_AXI is either unconnected or has no load
---------------------------------------------------------------------------------
Finished RTL Elaboration : Time (s): cpu = 00:00:09 ; elapsed = 00:00:52 . Memory (MB): peak = 2505.309 ; gain = 0.000 ; free physical = 2509 ; free virtual = 8127
---------------------------------------------------------------------------------
---------------------------------------------------------------------------------
Start Handling Custom Attributes
---------------------------------------------------------------------------------
---------------------------------------------------------------------------------
Finished Handling Custom Attributes : Time (s): cpu = 00:00:09 ; elapsed = 00:00:53 . Memory (MB): peak = 2505.309 ; gain = 0.000 ; free physical = 2508 ; free virtual = 8127
---------------------------------------------------------------------------------
---------------------------------------------------------------------------------
Finished RTL Optimization Phase 1 : Time (s): cpu = 00:00:09 ; elapsed = 00:00:53 . Memory (MB): peak = 2505.309 ; gain = 0.000 ; free physical = 2508 ; free virtual = 8127
---------------------------------------------------------------------------------
Netlist sorting complete. Time (s): cpu = 00:00:00.01 ; elapsed = 00:00:00 . Memory (MB): peak = 2505.309 ; gain = 0.000 ; free physical = 2494 ; free virtual = 8114
INFO: [Project 1-570] Preparing netlist for logic optimization

Processing XDC Constraints
Initializing timing engine
Completed Processing XDC Constraints

Netlist sorting complete. Time (s): cpu = 00:00:00 ; elapsed = 00:00:00 . Memory (MB): peak = 2585.215 ; gain = 0.000 ; free physical = 1672 ; free virtual = 7347
INFO: [Project 1-111] Unisim Transformation Summary:
No Unisim elements were transformed.

Constraint Validation Runtime : Time (s): cpu = 00:00:00.01 ; elapsed = 00:00:00.39 . Memory (MB): peak = 2585.215 ; gain = 0.000 ; free physical = 1678 ; free virtual = 7356
INFO: [Designutils 20-5008] Incremental synthesis strategy off
---------------------------------------------------------------------------------
Finished Constraint Validation : Time (s): cpu = 00:00:15 ; elapsed = 00:01:07 . Memory (MB): peak = 2585.215 ; gain = 79.906 ; free physical = 197 ; free virtual = 5434
---------------------------------------------------------------------------------
---------------------------------------------------------------------------------
Start Loading Part and Timing Information
---------------------------------------------------------------------------------
Loading part: xc7z020clg484-1
---------------------------------------------------------------------------------
Finished Loading Part and Timing Information : Time (s): cpu = 00:00:15 ; elapsed = 00:01:07 . Memory (MB): peak = 2585.215 ; gain = 79.906 ; free physical = 190 ; free virtual = 5425
---------------------------------------------------------------------------------
---------------------------------------------------------------------------------
Start Applying 'set_property' XDC Constraints
---------------------------------------------------------------------------------
---------------------------------------------------------------------------------
Finished applying 'set_property' XDC Constraints : Time (s): cpu = 00:00:15 ; elapsed = 00:01:07 . Memory (MB): peak = 2585.215 ; gain = 79.906 ; free physical = 193 ; free virtual = 5425
---------------------------------------------------------------------------------
---------------------------------------------------------------------------------
Finished RTL Optimization Phase 2 : Time (s): cpu = 00:00:15 ; elapsed = 00:01:16 . Memory (MB): peak = 2585.215 ; gain = 79.906 ; free physical = 198 ; free virtual = 4923
---------------------------------------------------------------------------------
---------------------------------------------------------------------------------
Start RTL Component Statistics 
---------------------------------------------------------------------------------
Detailed RTL Component Info : 
+---Registers : 
	               32 Bit    Registers := 5     
	                4 Bit    Registers := 2     
	                2 Bit    Registers := 2     
	                1 Bit    Registers := 6     
+---Muxes : 
	   2 Input   32 Bit        Muxes := 4     
	   4 Input   32 Bit        Muxes := 5     
	   2 Input    1 Bit        Muxes := 5     
---------------------------------------------------------------------------------
Finished RTL Component Statistics 
---------------------------------------------------------------------------------
---------------------------------------------------------------------------------
Start Part Resource Summary
---------------------------------------------------------------------------------
Part Resources:
DSPs: 220 (col length:60)
BRAMs: 280 (col length: RAMB18 60 RAMB36 30)
---------------------------------------------------------------------------------
Finished Part Resource Summary
---------------------------------------------------------------------------------
---------------------------------------------------------------------------------
Start Cross Boundary and Area Optimization
---------------------------------------------------------------------------------
WARNING: [Synth 8-7080] Parallel synthesis criteria is not met
WARNING: [Synth 8-7129] Port s00_axi_awprot[2] in module zed_firewall_hardware_firewall_0_0 is either unconnected or has no load
WARNING: [Synth 8-7129] Port s00_axi_awprot[1] in module zed_firewall_hardware_firewall_0_0 is either unconnected or has no load
WARNING: [Synth 8-7129] Port s00_axi_awprot[0] in module zed_firewall_hardware_firewall_0_0 is either unconnected or has no load
WARNING: [Synth 8-7129] Port s00_axi_arprot[2] in module zed_firewall_hardware_firewall_0_0 is either unconnected or has no load
WARNING: [Synth 8-7129] Port s00_axi_arprot[1] in module zed_firewall_hardware_firewall_0_0 is either unconnected or has no load
WARNING: [Synth 8-7129] Port s00_axi_arprot[0] in module zed_firewall_hardware_firewall_0_0 is either unconnected or has no load
---------------------------------------------------------------------------------
Finished Cross Boundary and Area Optimization : Time (s): cpu = 00:00:17 ; elapsed = 00:01:33 . Memory (MB): peak = 2585.215 ; gain = 79.906 ; free physical = 3545 ; free virtual = 8415
---------------------------------------------------------------------------------
---------------------------------------------------------------------------------
Start Applying XDC Timing Constraints
---------------------------------------------------------------------------------
---------------------------------------------------------------------------------
Finished Applying XDC Timing Constraints : Time (s): cpu = 00:00:23 ; elapsed = 00:01:39 . Memory (MB): peak = 2585.215 ; gain = 79.906 ; free physical = 3651 ; free virtual = 8588
---------------------------------------------------------------------------------
---------------------------------------------------------------------------------
Start Timing Optimization
---------------------------------------------------------------------------------
---------------------------------------------------------------------------------
Finished Timing Optimization : Time (s): cpu = 00:00:23 ; elapsed = 00:01:40 . Memory (MB): peak = 2585.215 ; gain = 79.906 ; free physical = 3681 ; free virtual = 8619
---------------------------------------------------------------------------------
---------------------------------------------------------------------------------
Start Technology Mapping
---------------------------------------------------------------------------------
---------------------------------------------------------------------------------
Finished Technology Mapping : Time (s): cpu = 00:00:23 ; elapsed = 00:01:40 . Memory (MB): peak = 2585.215 ; gain = 79.906 ; free physical = 3733 ; free virtual = 8671
---------------------------------------------------------------------------------
---------------------------------------------------------------------------------
Start IO Insertion
---------------------------------------------------------------------------------
---------------------------------------------------------------------------------
Start Flattening Before IO Insertion
---------------------------------------------------------------------------------
---------------------------------------------------------------------------------
Finished Flattening Before IO Insertion
---------------------------------------------------------------------------------
---------------------------------------------------------------------------------
Start Final Netlist Cleanup
---------------------------------------------------------------------------------
---------------------------------------------------------------------------------
Finished Final Netlist Cleanup
---------------------------------------------------------------------------------
---------------------------------------------------------------------------------
Finished IO Insertion : Time (s): cpu = 00:00:28 ; elapsed = 00:01:44 . Memory (MB): peak = 2585.215 ; gain = 79.906 ; free physical = 3673 ; free virtual = 8644
---------------------------------------------------------------------------------
---------------------------------------------------------------------------------
Start Renaming Generated Instances
---------------------------------------------------------------------------------
---------------------------------------------------------------------------------
Finished Renaming Generated Instances : Time (s): cpu = 00:00:28 ; elapsed = 00:01:44 . Memory (MB): peak = 2585.215 ; gain = 79.906 ; free physical = 3673 ; free virtual = 8644
---------------------------------------------------------------------------------
---------------------------------------------------------------------------------
Start Rebuilding User Hierarchy
---------------------------------------------------------------------------------
---------------------------------------------------------------------------------
Finished Rebuilding User Hierarchy : Time (s): cpu = 00:00:28 ; elapsed = 00:01:44 . Memory (MB): peak = 2585.215 ; gain = 79.906 ; free physical = 3673 ; free virtual = 8644
---------------------------------------------------------------------------------
---------------------------------------------------------------------------------
Start Renaming Generated Ports
---------------------------------------------------------------------------------
---------------------------------------------------------------------------------
Finished Renaming Generated Ports : Time (s): cpu = 00:00:28 ; elapsed = 00:01:44 . Memory (MB): peak = 2585.215 ; gain = 79.906 ; free physical = 3673 ; free virtual = 8644
---------------------------------------------------------------------------------
---------------------------------------------------------------------------------
Start Handling Custom Attributes
---------------------------------------------------------------------------------
---------------------------------------------------------------------------------
Finished Handling Custom Attributes : Time (s): cpu = 00:00:28 ; elapsed = 00:01:44 . Memory (MB): peak = 2585.215 ; gain = 79.906 ; free physical = 3676 ; free virtual = 8647
---------------------------------------------------------------------------------
---------------------------------------------------------------------------------
Start Renaming Generated Nets
---------------------------------------------------------------------------------
---------------------------------------------------------------------------------
Finished Renaming Generated Nets : Time (s): cpu = 00:00:28 ; elapsed = 00:01:44 . Memory (MB): peak = 2585.215 ; gain = 79.906 ; free physical = 3676 ; free virtual = 8647
---------------------------------------------------------------------------------
---------------------------------------------------------------------------------
Start Writing Synthesis Report
---------------------------------------------------------------------------------

Report BlackBoxes: 
+-+--------------+----------+
| |BlackBox name |Instances |
+-+--------------+----------+
+-+--------------+----------+

Report Cell Usage: 
+------+-----+------+
|      |Cell |Count |
+------+-----+------+
|1     |LUT1 |     1|
|2     |LUT2 |     1|
|3     |LUT3 |     1|
|4     |LUT4 |    22|
|5     |LUT6 |    36|
|6     |FDRE |   169|
|7     |FDSE |     1|
+------+-----+------+
---------------------------------------------------------------------------------
Finished Writing Synthesis Report : Time (s): cpu = 00:00:28 ; elapsed = 00:01:44 . Memory (MB): peak = 2585.215 ; gain = 79.906 ; free physical = 3676 ; free virtual = 8647
---------------------------------------------------------------------------------
Synthesis finished with 0 errors, 0 critical warnings and 7 warnings.
Synthesis Optimization Runtime : Time (s): cpu = 00:00:26 ; elapsed = 00:01:35 . Memory (MB): peak = 2585.215 ; gain = 0.000 ; free physical = 3701 ; free virtual = 8678
Synthesis Optimization Complete : Time (s): cpu = 00:00:28 ; elapsed = 00:01:44 . Memory (MB): peak = 2585.215 ; gain = 79.906 ; free physical = 3701 ; free virtual = 8678
INFO: [Project 1-571] Translating synthesized netlist
Netlist sorting complete. Time (s): cpu = 00:00:00 ; elapsed = 00:00:00.01 . Memory (MB): peak = 2585.215 ; gain = 0.000 ; free physical = 3691 ; free virtual = 8674
INFO: [Project 1-570] Preparing netlist for logic optimization
INFO: [Opt 31-138] Pushed 0 inverter(s) to 0 load pin(s).
Netlist sorting complete. Time (s): cpu = 00:00:00 ; elapsed = 00:00:00 . Memory (MB): peak = 2585.215 ; gain = 0.000 ; free physical = 3622 ; free virtual = 8619
INFO: [Project 1-111] Unisim Transformation Summary:
No Unisim elements were transformed.

Synth Design complete, checksum: 4ee2ffd7
INFO: [Common 17-83] Releasing license: Synthesis
24 Infos, 13 Warnings, 0 Critical Warnings and 0 Errors encountered.
synth_design completed successfully
synth_design: Time (s): cpu = 00:00:33 ; elapsed = 00:02:17 . Memory (MB): peak = 2585.215 ; gain = 79.906 ; free physical = 3778 ; free virtual = 8780
INFO: [Common 17-1381] The checkpoint '/home/mohit/Desktop/bheeshm_project/bheeshm_project.runs/zed_firewall_hardware_firewall_0_0_synth_1/zed_firewall_hardware_firewall_0_0.dcp' has been generated.
INFO: [Coretcl 2-1648] Added synthesis output to IP cache for IP zed_firewall_hardware_firewall_0_0, cache-ID = cd89f092949dc71a
INFO: [Coretcl 2-1174] Renamed 2 cell refs.
INFO: [Common 17-1381] The checkpoint '/home/mohit/Desktop/bheeshm_project/bheeshm_project.runs/zed_firewall_hardware_firewall_0_0_synth_1/zed_firewall_hardware_firewall_0_0.dcp' has been generated.
INFO: [runtcl-4] Executing : report_utilization -file zed_firewall_hardware_firewall_0_0_utilization_synth.rpt -pb zed_firewall_hardware_firewall_0_0_utilization_synth.pb
INFO: [Common 17-206] Exiting Vivado at Sun Mar  8 00:30:06 2026...
